
============================================================
  MULTI-MARKET PAPER TRADING BOT
  Target: 97-98c contracts
  Markets: Polymarket, Kalshi
  MODE: DEMO (Simulated Data)
============================================================

⚙️  Configuration:
   Price Range: $0.97 - $0.98
   Position Size: $100
   Max Positions: 10
   Refresh Interval: 60s

Press Ctrl+C to stop...


🔍 Scanning markets... [2026-02-25 14:42:42]

📊 Found 17 opportunities:

#    Question                                      Price    Volume       Market       Category    
----------------------------------------------------------------------------------------------------
1    Will the Detroit Red Wings win the 2026 NH... $0.980   $516,783     polymarket               
2    Will Pete Buttigieg win the 2028 US Presid... $0.980   $2,373,615   polymarket               
3    Will Gretchen Whitmer win the 2028 Democra... $0.980   $5,604,148   polymarket               
4    Will J.B. Pritzker win the 2028 Democratic... $0.980   $5,296,819   polymarket               
5    Tesla stock above $300 by April?              $0.978   $463,488     kalshi       Stocks      
6    Rojas guilty in Texas illegal abortion case?  $0.978   $59,348      polymarket               
7    Will Jon Stewart win the 2028 Democratic p... $0.978   $7,518,206   polymarket               
8    Bitcoin above $100k by March?                 $0.977   $222,777     kalshi       Crypto      
9    Will Josh Shapiro win the 2028 US Presiden... $0.977   $3,889,690   polymarket               
10   S&P 500 above 6000 by end of week?            $0.975   $485,088     kalshi       Finance     
11   Will Andy Beshear win the 2028 Democratic ... $0.975   $4,688,231   polymarket               
12   Will Mark Kelly win the 2028 Democratic pr... $0.975   $7,118,515   polymarket               
13   Oil prices above $80 by March?                $0.974   $250,243     kalshi       Commodities 
14   Will the Minnesota Timberwolves win the 20... $0.974   $3,471,523   polymarket               
15   Will Norway win the 2026 FIFA World Cup?      $0.974   $4,757,003   polymarket               
16   Will the Pittsburgh Penguins win the 2026 ... $0.973   $608,740     polymarket               
17   Gold above $2800 by end of month?             $0.973   $305,399     kalshi       Commodities 

⚠️  No new trades entered (position limits or filters applied)

📈 Updating 10 open positions...
Error fetching market details for 0x36db77c539bcc8c7bf0686c1b99f30c5a5eed1f53d3b3a27a071550c81f83701: 422 Client Error: Unprocessable Entity for url: https://gamma-api.polymarket.com/markets/0x36db77c539bcc8c7bf0686c1b99f30c5a5eed1f53d3b3a27a071550c81f83701
   ✅ Trade #14 WON [KALSHI] - S&P 500 above 6000 by end of week?
Error fetching market details for 0x1d519b87999e3d4e90e1e8f57b5eee73a0ba488ff3fdb70867f294733aba84a9: 422 Client Error: Unprocessable Entity for url: https://gamma-api.polymarket.com/markets/0x1d519b87999e3d4e90e1e8f57b5eee73a0ba488ff3fdb70867f294733aba84a9
Error fetching market details for 0x5969cbb46aca5319b19e19a3c6f63de098950b675bf268f30f4d035508da1957: 422 Client Error: Unprocessable Entity for url: https://gamma-api.polymarket.com/markets/0x5969cbb46aca5319b19e19a3c6f63de098950b675bf268f30f4d035508da1957
Error fetching market details for 0xfee07be730188c94cd3644ed6f107fa3ea2dfab9989ce8d39aeeae064766abe3: 422 Client Error: Unprocessable Entity for url: https://gamma-api.polymarket.com/markets/0xfee07be730188c94cd3644ed6f107fa3ea2dfab9989ce8d39aeeae064766abe3
Error fetching market details for 0x3061dcc85903c2700dffd529e0fbd9b0023c3b481324cd0276d5399f9dace5dc: 422 Client Error: Unprocessable Entity for url: https://gamma-api.polymarket.com/markets/0x3061dcc85903c2700dffd529e0fbd9b0023c3b481324cd0276d5399f9dace5dc
Error fetching market details for 0xe883f2fda25a605a184bb5fe583afce6cc21ea0b348b6a3728ec3067553c548d: 422 Client Error: Unprocessable Entity for url: https://gamma-api.polymarket.com/markets/0xe883f2fda25a605a184bb5fe583afce6cc21ea0b348b6a3728ec3067553c548d
Error fetching market details for 0xe39adea057926dc197fe30a441f57a340b2a232d5a687010f78bba9b6e02620f: 422 Client Error: Unprocessable Entity for url: https://gamma-api.polymarket.com/markets/0xe39adea057926dc197fe30a441f57a340b2a232d5a687010f78bba9b6e02620f
Error fetching market details for 0x2c03c41e5032364cb7166e842bdd22913f28aa2c837d8432704aa89c338875c8: 422 Client Error: Unprocessable Entity for url: https://gamma-api.polymarket.com/markets/0x2c03c41e5032364cb7166e842bdd22913f28aa2c837d8432704aa89c338875c8
Error fetching market details for 0x7014b40f62a559be0a0abd2bf1ca1ef16e44674b2c505bb5243c752f2e0d351f: 422 Client Error: Unprocessable Entity for url: https://gamma-api.polymarket.com/markets/0x7014b40f62a559be0a0abd2bf1ca1ef16e44674b2c505bb5243c752f2e0d351f

📊 Open Positions (9):

ID    Question                                      Entry    Current  P&L       
--------------------------------------------------------------------------------
15    Will Mark Kelly win the 2028 Democratic pr... $0.975   $0.975   $+0.00    
10    Will Andy Beshear win the 2028 Democratic ... $0.975   $0.975   $+0.00    
8     Will Josh Shapiro win the 2028 US Presiden... $0.977   $0.977   $+0.00    
7     Will Jon Stewart win the 2028 Democratic p... $0.978   $0.978   $+0.00    
6     Rojas guilty in Texas illegal abortion case?  $0.978   $0.978   $+0.00    
4     Will J.B. Pritzker win the 2028 Democratic... $0.980   $0.980   $+0.00    
3     Will Gretchen Whitmer win the 2028 Democra... $0.980   $0.980   $+0.00    
2     Will Pete Buttigieg win the 2028 US Presid... $0.980   $0.980   $+0.00    
1     Will the Detroit Red Wings win the 2026 NH... $0.980   $0.980   $+0.00    
--------------------------------------------------------------------------------
Total Unrealized P&L:                                              $+0.00


============================================================
  PERFORMANCE STATISTICS
============================================================
  Total Trades:     6
  Wins:             6
  Losses:           0
  Win Rate:         100.0%
  Total P&L:        $13.57
  Total Fees Paid:  $0.28 (2.0% on profits)
  Avg Profit/Trade: $2.26
  ROI:              2.26%
============================================================


⏳ Next scan in 60 seconds...

🔍 Scanning markets... [2026-02-25 14:43:44]

📊 Found 15 opportunities:

#    Question                                      Price    Volume       Market       Category    
----------------------------------------------------------------------------------------------------
1    Will the Detroit Red Wings win the 2026 NH... $0.980   $516,783     polymarket               
2    Will Pete Buttigieg win the 2028 US Presid... $0.980   $2,373,615   polymarket               
3    Will Gretchen Whitmer win the 2028 Democra... $0.980   $5,604,181   polymarket               
4    Will J.B. Pritzker win the 2028 Democratic... $0.980   $5,296,834   polymarket               
5    Tesla stock above $300 by April?              $0.978   $463,488     kalshi       Stocks      
6    Will Jon Stewart win the 2028 Democratic p... $0.978   $7,518,309   polymarket               
7    Bitcoin above $100k by March?                 $0.977   $222,777     kalshi       Crypto      
8    Will Josh Shapiro win the 2028 US Presiden... $0.977   $3,890,224   polymarket               
9    Will the Pittsburgh Penguins win the 2026 ... $0.976   $608,876     polymarket               
10   Will Andy Beshear win the 2028 Democratic ... $0.975   $4,688,236   polymarket               
11   Will Mark Kelly win the 2028 Democratic pr... $0.975   $7,120,267   polymarket               
12   Oil prices above $80 by March?                $0.974   $250,243     kalshi       Commodities 
13   Will the Minnesota Timberwolves win the 20... $0.974   $3,471,671   polymarket               
14   Will Norway win the 2026 FIFA World Cup?      $0.974   $4,757,126   polymarket               
15   Gold above $2800 by end of month?             $0.973   $305,399     kalshi       Commodities 

⚠️  No new trades entered (position limits or filters applied)

📈 Updating 10 open positions...
   ✅ Trade #17 WON [KALSHI] - Oil prices above $80 by March?
Error fetching market details for 0x36db77c539bcc8c7bf0686c1b99f30c5a5eed1f53d3b3a27a071550c81f83701: 422 Client Error: Unprocessable Entity for url: https://gamma-api.polymarket.com/markets/0x36db77c539bcc8c7bf0686c1b99f30c5a5eed1f53d3b3a27a071550c81f83701
Error fetching market details for 0x1d519b87999e3d4e90e1e8f57b5eee73a0ba488ff3fdb70867f294733aba84a9: 422 Client Error: Unprocessable Entity for url: https://gamma-api.polymarket.com/markets/0x1d519b87999e3d4e90e1e8f57b5eee73a0ba488ff3fdb70867f294733aba84a9
Error fetching market details for 0x5969cbb46aca5319b19e19a3c6f63de098950b675bf268f30f4d035508da1957: 422 Client Error: Unprocessable Entity for url: https://gamma-api.polymarket.com/markets/0x5969cbb46aca5319b19e19a3c6f63de098950b675bf268f30f4d035508da1957
Error fetching market details for 0xfee07be730188c94cd3644ed6f107fa3ea2dfab9989ce8d39aeeae064766abe3: 422 Client Error: Unprocessable Entity for url: https://gamma-api.polymarket.com/markets/0xfee07be730188c94cd3644ed6f107fa3ea2dfab9989ce8d39aeeae064766abe3
Error fetching market details for 0x3061dcc85903c2700dffd529e0fbd9b0023c3b481324cd0276d5399f9dace5dc: 422 Client Error: Unprocessable Entity for url: https://gamma-api.polymarket.com/markets/0x3061dcc85903c2700dffd529e0fbd9b0023c3b481324cd0276d5399f9dace5dc
Error fetching market details for 0xe883f2fda25a605a184bb5fe583afce6cc21ea0b348b6a3728ec3067553c548d: 422 Client Error: Unprocessable Entity for url: https://gamma-api.polymarket.com/markets/0xe883f2fda25a605a184bb5fe583afce6cc21ea0b348b6a3728ec3067553c548d
Error fetching market details for 0xe39adea057926dc197fe30a441f57a340b2a232d5a687010f78bba9b6e02620f: 422 Client Error: Unprocessable Entity for url: https://gamma-api.polymarket.com/markets/0xe39adea057926dc197fe30a441f57a340b2a232d5a687010f78bba9b6e02620f
Error fetching market details for 0x2c03c41e5032364cb7166e842bdd22913f28aa2c837d8432704aa89c338875c8: 422 Client Error: Unprocessable Entity for url: https://gamma-api.polymarket.com/markets/0x2c03c41e5032364cb7166e842bdd22913f28aa2c837d8432704aa89c338875c8
Error fetching market details for 0x7014b40f62a559be0a0abd2bf1ca1ef16e44674b2c505bb5243c752f2e0d351f: 422 Client Error: Unprocessable Entity for url: https://gamma-api.polymarket.com/markets/0x7014b40f62a559be0a0abd2bf1ca1ef16e44674b2c505bb5243c752f2e0d351f

📊 Open Positions (9):

ID    Question                                      Entry    Current  P&L       
--------------------------------------------------------------------------------
15    Will Mark Kelly win the 2028 Democratic pr... $0.975   $0.975   $+0.00    
10    Will Andy Beshear win the 2028 Democratic ... $0.975   $0.975   $+0.00    
8     Will Josh Shapiro win the 2028 US Presiden... $0.977   $0.977   $+0.00    
7     Will Jon Stewart win the 2028 Democratic p... $0.978   $0.978   $+0.00    
6     Rojas guilty in Texas illegal abortion case?  $0.978   $0.978   $+0.00    
4     Will J.B. Pritzker win the 2028 Democratic... $0.980   $0.980   $+0.00    
3     Will Gretchen Whitmer win the 2028 Democra... $0.980   $0.980   $+0.00    
2     Will Pete Buttigieg win the 2028 US Presid... $0.980   $0.980   $+0.00    
1     Will the Detroit Red Wings win the 2026 NH... $0.980   $0.980   $+0.00    
--------------------------------------------------------------------------------
Total Unrealized P&L:                                              $+0.00


============================================================
  PERFORMANCE STATISTICS
============================================================
  Total Trades:     8
  Wins:             8
  Losses:           0
  Win Rate:         100.0%
  Total P&L:        $17.95
  Total Fees Paid:  $0.37 (2.0% on profits)
  Avg Profit/Trade: $2.24
  ROI:              2.24%
============================================================


⏳ Next scan in 60 seconds...

🔍 Scanning markets... [2026-02-25 14:44:47]

📊 Found 14 opportunities:

#    Question                                      Price    Volume       Market       Category    
----------------------------------------------------------------------------------------------------
1    Will the Detroit Red Wings win the 2026 NH... $0.980   $516,783     polymarket               
2    Will Pete Buttigieg win the 2028 US Presid... $0.980   $2,373,615   polymarket               
3    Will Gretchen Whitmer win the 2028 Democra... $0.980   $5,604,181   polymarket               
4    Will J.B. Pritzker win the 2028 Democratic... $0.980   $5,296,834   polymarket               
5    Tesla stock above $300 by April?              $0.978   $463,488     kalshi       Stocks      
6    Will Jon Stewart win the 2028 Democratic p... $0.978   $7,518,309   polymarket               
7    Bitcoin above $100k by March?                 $0.977   $222,777     kalshi       Crypto      
8    Will Josh Shapiro win the 2028 US Presiden... $0.977   $3,890,224   polymarket               
9    Will the Pittsburgh Penguins win the 2026 ... $0.976   $608,876     polymarket               
10   Will Andy Beshear win the 2028 Democratic ... $0.975   $4,688,236   polymarket               
11   Will Mark Kelly win the 2028 Democratic pr... $0.975   $7,120,267   polymarket               
12   Will the Minnesota Timberwolves win the 20... $0.974   $3,471,671   polymarket               
13   Will Norway win the 2026 FIFA World Cup?      $0.974   $4,757,126   polymarket               
14   Gold above $2800 by end of month?             $0.973   $305,399     kalshi       Commodities 

✅ ENTERED TRADE #19 [KALSHI]
   Market: Tesla stock above $300 by April?
   Entry Price: $0.978
   Position Size: $100
   Shares: 102.28
   URL: https://kalshi.com/markets/KALSHI-004


📈 Updating 10 open positions...
   ✅ Trade #19 WON [KALSHI] - Tesla stock above $300 by April?
Error fetching market details for 0x36db77c539bcc8c7bf0686c1b99f30c5a5eed1f53d3b3a27a071550c81f83701: 422 Client Error: Unprocessable Entity for url: https://gamma-api.polymarket.com/markets/0x36db77c539bcc8c7bf0686c1b99f30c5a5eed1f53d3b3a27a071550c81f83701
Error fetching market details for 0x1d519b87999e3d4e90e1e8f57b5eee73a0ba488ff3fdb70867f294733aba84a9: 422 Client Error: Unprocessable Entity for url: https://gamma-api.polymarket.com/markets/0x1d519b87999e3d4e90e1e8f57b5eee73a0ba488ff3fdb70867f294733aba84a9
Error fetching market details for 0x5969cbb46aca5319b19e19a3c6f63de098950b675bf268f30f4d035508da1957: 422 Client Error: Unprocessable Entity for url: https://gamma-api.polymarket.com/markets/0x5969cbb46aca5319b19e19a3c6f63de098950b675bf268f30f4d035508da1957
Error fetching market details for 0xfee07be730188c94cd3644ed6f107fa3ea2dfab9989ce8d39aeeae064766abe3: 422 Client Error: Unprocessable Entity for url: https://gamma-api.polymarket.com/markets/0xfee07be730188c94cd3644ed6f107fa3ea2dfab9989ce8d39aeeae064766abe3
Error fetching market details for 0x3061dcc85903c2700dffd529e0fbd9b0023c3b481324cd0276d5399f9dace5dc: 422 Client Error: Unprocessable Entity for url: https://gamma-api.polymarket.com/markets/0x3061dcc85903c2700dffd529e0fbd9b0023c3b481324cd0276d5399f9dace5dc
Error fetching market details for 0xe883f2fda25a605a184bb5fe583afce6cc21ea0b348b6a3728ec3067553c548d: 422 Client Error: Unprocessable Entity for url: https://gamma-api.polymarket.com/markets/0xe883f2fda25a605a184bb5fe583afce6cc21ea0b348b6a3728ec3067553c548d
Error fetching market details for 0xe39adea057926dc197fe30a441f57a340b2a232d5a687010f78bba9b6e02620f: 422 Client Error: Unprocessable Entity for url: https://gamma-api.polymarket.com/markets/0xe39adea057926dc197fe30a441f57a340b2a232d5a687010f78bba9b6e02620f
Error fetching market details for 0x2c03c41e5032364cb7166e842bdd22913f28aa2c837d8432704aa89c338875c8: 422 Client Error: Unprocessable Entity for url: https://gamma-api.polymarket.com/markets/0x2c03c41e5032364cb7166e842bdd22913f28aa2c837d8432704aa89c338875c8
Error fetching market details for 0x7014b40f62a559be0a0abd2bf1ca1ef16e44674b2c505bb5243c752f2e0d351f: 422 Client Error: Unprocessable Entity for url: https://gamma-api.polymarket.com/markets/0x7014b40f62a559be0a0abd2bf1ca1ef16e44674b2c505bb5243c752f2e0d351f

📊 Open Positions (9):

ID    Question                                      Entry    Current  P&L       
--------------------------------------------------------------------------------
15    Will Mark Kelly win the 2028 Democratic pr... $0.975   $0.975   $+0.00    
10    Will Andy Beshear win the 2028 Democratic ... $0.975   $0.975   $+0.00    
8     Will Josh Shapiro win the 2028 US Presiden... $0.977   $0.977   $+0.00    
7     Will Jon Stewart win the 2028 Democratic p... $0.978   $0.978   $+0.00    
6     Rojas guilty in Texas illegal abortion case?  $0.978   $0.978   $+0.00    
4     Will J.B. Pritzker win the 2028 Democratic... $0.980   $0.980   $+0.00    
3     Will Gretchen Whitmer win the 2028 Democra... $0.980   $0.980   $+0.00    
2     Will Pete Buttigieg win the 2028 US Presid... $0.980   $0.980   $+0.00    
1     Will the Detroit Red Wings win the 2026 NH... $0.980   $0.980   $+0.00    
--------------------------------------------------------------------------------
Total Unrealized P&L:                                              $+0.00


============================================================
  PERFORMANCE STATISTICS
============================================================
  Total Trades:     10
  Wins:             10
  Losses:           0
  Win Rate:         100.0%
  Total P&L:        $22.42
  Total Fees Paid:  $0.46 (2.0% on profits)
  Avg Profit/Trade: $2.24
  ROI:              2.24%
============================================================


⏳ Next scan in 60 seconds...

🔍 Scanning markets... [2026-02-25 14:45:49]

📊 Found 13 opportunities:

#    Question                                      Price    Volume       Market       Category    
----------------------------------------------------------------------------------------------------
1    Will the Detroit Red Wings win the 2026 NH... $0.980   $516,783     polymarket               
2    Will Pete Buttigieg win the 2028 US Presid... $0.980   $2,373,615   polymarket               
3    Will Gretchen Whitmer win the 2028 Democra... $0.980   $5,604,181   polymarket               
4    Will J.B. Pritzker win the 2028 Democratic... $0.980   $5,296,834   polymarket               
5    Will Jon Stewart win the 2028 Democratic p... $0.978   $7,518,309   polymarket               
6    Bitcoin above $100k by March?                 $0.977   $222,777     kalshi       Crypto      
7    Will Josh Shapiro win the 2028 US Presiden... $0.977   $3,890,224   polymarket               
8    Will the Pittsburgh Penguins win the 2026 ... $0.976   $608,876     polymarket               
9    Will Andy Beshear win the 2028 Democratic ... $0.975   $4,688,236   polymarket               
10   Will Mark Kelly win the 2028 Democratic pr... $0.975   $7,120,267   polymarket               
11   Will the Minnesota Timberwolves win the 20... $0.974   $3,471,671   polymarket               
12   Will Norway win the 2026 FIFA World Cup?      $0.974   $4,757,126   polymarket               
13   Gold above $2800 by end of month?             $0.973   $305,399     kalshi       Commodities 

⚠️  No new trades entered (position limits or filters applied)

📈 Updating 10 open positions...
Error fetching market details for 0x9e54856d758cd7de25b75c97273a38d711642f16eacad57e61982028f2791206: 422 Client Error: Unprocessable Entity for url: https://gamma-api.polymarket.com/markets/0x9e54856d758cd7de25b75c97273a38d711642f16eacad57e61982028f2791206
Error fetching market details for 0x36db77c539bcc8c7bf0686c1b99f30c5a5eed1f53d3b3a27a071550c81f83701: 422 Client Error: Unprocessable Entity for url: https://gamma-api.polymarket.com/markets/0x36db77c539bcc8c7bf0686c1b99f30c5a5eed1f53d3b3a27a071550c81f83701
Error fetching market details for 0x1d519b87999e3d4e90e1e8f57b5eee73a0ba488ff3fdb70867f294733aba84a9: 422 Client Error: Unprocessable Entity for url: https://gamma-api.polymarket.com/markets/0x1d519b87999e3d4e90e1e8f57b5eee73a0ba488ff3fdb70867f294733aba84a9
Error fetching market details for 0x5969cbb46aca5319b19e19a3c6f63de098950b675bf268f30f4d035508da1957: 422 Client Error: Unprocessable Entity for url: https://gamma-api.polymarket.com/markets/0x5969cbb46aca5319b19e19a3c6f63de098950b675bf268f30f4d035508da1957
Error fetching market details for 0xfee07be730188c94cd3644ed6f107fa3ea2dfab9989ce8d39aeeae064766abe3: 422 Client Error: Unprocessable Entity for url: https://gamma-api.polymarket.com/markets/0xfee07be730188c94cd3644ed6f107fa3ea2dfab9989ce8d39aeeae064766abe3
Error fetching market details for 0x3061dcc85903c2700dffd529e0fbd9b0023c3b481324cd0276d5399f9dace5dc: 422 Client Error: Unprocessable Entity for url: https://gamma-api.polymarket.com/markets/0x3061dcc85903c2700dffd529e0fbd9b0023c3b481324cd0276d5399f9dace5dc
Error fetching market details for 0xe883f2fda25a605a184bb5fe583afce6cc21ea0b348b6a3728ec3067553c548d: 422 Client Error: Unprocessable Entity for url: https://gamma-api.polymarket.com/markets/0xe883f2fda25a605a184bb5fe583afce6cc21ea0b348b6a3728ec3067553c548d
Error fetching market details for 0xe39adea057926dc197fe30a441f57a340b2a232d5a687010f78bba9b6e02620f: 422 Client Error: Unprocessable Entity for url: https://gamma-api.polymarket.com/markets/0xe39adea057926dc197fe30a441f57a340b2a232d5a687010f78bba9b6e02620f
Error fetching market details for 0x2c03c41e5032364cb7166e842bdd22913f28aa2c837d8432704aa89c338875c8: 422 Client Error: Unprocessable Entity for url: https://gamma-api.polymarket.com/markets/0x2c03c41e5032364cb7166e842bdd22913f28aa2c837d8432704aa89c338875c8
Error fetching market details for 0x7014b40f62a559be0a0abd2bf1ca1ef16e44674b2c505bb5243c752f2e0d351f: 422 Client Error: Unprocessable Entity for url: https://gamma-api.polymarket.com/markets/0x7014b40f62a559be0a0abd2bf1ca1ef16e44674b2c505bb5243c752f2e0d351f

📊 Open Positions (10):

ID    Question                                      Entry    Current  P&L       
--------------------------------------------------------------------------------
20    Will the Pittsburgh Penguins win the 2026 ... $0.976   $0.976   $+0.00    
15    Will Mark Kelly win the 2028 Democratic pr... $0.975   $0.975   $+0.00    
10    Will Andy Beshear win the 2028 Democratic ... $0.975   $0.975   $+0.00    
8     Will Josh Shapiro win the 2028 US Presiden... $0.977   $0.977   $+0.00    
7     Will Jon Stewart win the 2028 Democratic p... $0.978   $0.978   $+0.00    
6     Rojas guilty in Texas illegal abortion case?  $0.978   $0.978   $+0.00    
4     Will J.B. Pritzker win the 2028 Democratic... $0.980   $0.980   $+0.00    
3     Will Gretchen Whitmer win the 2028 Democra... $0.980   $0.980   $+0.00    
2     Will Pete Buttigieg win the 2028 US Presid... $0.980   $0.980   $+0.00    
1     Will the Detroit Red Wings win the 2026 NH... $0.980   $0.980   $+0.00    
--------------------------------------------------------------------------------
Total Unrealized P&L:                                              $+0.00


============================================================
  PERFORMANCE STATISTICS
============================================================
  Total Trades:     10
  Wins:             10
  Losses:           0
  Win Rate:         100.0%
  Total P&L:        $22.42
  Total Fees Paid:  $0.46 (2.0% on profits)
  Avg Profit/Trade: $2.24
  ROI:              2.24%
============================================================


⏳ Next scan in 60 seconds...
-------------------------------------------------
Total Unrealized P&L:                                              $+0.00


============================================================
  PERFORMANCE STATISTICS
============================================================
  Total Trades:     10
  Wins:             10
  Losses:           0
  Win Rate:         100.0%
  Total P&L:        $22.42
  Total Fees Paid:  $0.46 (2.0% on profits)
  Avg Profit/Trade: $2.24
  ROI:              2.24%
============================================================


⏳ Next scan in 60 seconds...

🔍 Scanning markets... [2026-02-25 14:45:58]

📊 Found 15 opportunities:

#    Question                                      Price    Volume       Market       Category    
----------------------------------------------------------------------------------------------------
1    Will the Detroit Red Wings win the 2026 NH... $0.980   $516,783     polymarket               
2    Will Pete Buttigieg win the 2028 US Presid... $0.980   $2,373,615   polymarket               
3    Will Gretchen Whitmer win the 2028 Democra... $0.980   $5,604,181   polymarket               
4    Will J.B. Pritzker win the 2028 Democratic... $0.980   $5,296,834   polymarket               
5    Tesla stock above $300 by April?              $0.979   $473,717     kalshi       Stocks      
6    S&P 500 above 6000 by end of week?            $0.979   $117,204     kalshi       Finance     
7    Will Jon Stewart win the 2028 Democratic p... $0.978   $7,518,309   polymarket               
8    Fed cuts rates in March 2026?                 $0.977   $423,779     kalshi       Politics    
9    Will Josh Shapiro win the 2028 US Presiden... $0.977   $3,890,224   polymarket               
10   Will the Pittsburgh Penguins win the 2026 ... $0.976   $608,876     polymarket               
11   Will Andy Beshear win the 2028 Democratic ... $0.975   $4,688,236   polymarket               
12   Will Mark Kelly win the 2028 Democratic pr... $0.975   $7,120,267   polymarket               
13   Will the Minnesota Timberwolves win the 20... $0.974   $3,471,671   polymarket               
14   Will Norway win the 2026 FIFA World Cup?      $0.974   $4,757,126   polymarket               
15   Unemployment below 4% in February?            $0.972   $448,515     kalshi       Economics   

⚠️  No new trades entered (position limits or filters applied)

📈 Updating 10 open positions...
Error fetching market details for 0x9e54856d758cd7de25b75c97273a38d711642f16eacad57e61982028f2791206: 422 Client Error: Unprocessable Entity for url: https://gamma-api.polymarket.com/markets/0x9e54856d758cd7de25b75c97273a38d711642f16eacad57e61982028f2791206
Error fetching market details for 0x36db77c539bcc8c7bf0686c1b99f30c5a5eed1f53d3b3a27a071550c81f83701: 422 Client Error: Unprocessable Entity for url: https://gamma-api.polymarket.com/markets/0x36db77c539bcc8c7bf0686c1b99f30c5a5eed1f53d3b3a27a071550c81f83701
Error fetching market details for 0x1d519b87999e3d4e90e1e8f57b5eee73a0ba488ff3fdb70867f294733aba84a9: 422 Client Error: Unprocessable Entity for url: https://gamma-api.polymarket.com/markets/0x1d519b87999e3d4e90e1e8f57b5eee73a0ba488ff3fdb70867f294733aba84a9
Error fetching market details for 0x5969cbb46aca5319b19e19a3c6f63de098950b675bf268f30f4d035508da1957: 422 Client Error: Unprocessable Entity for url: https://gamma-api.polymarket.com/markets/0x5969cbb46aca5319b19e19a3c6f63de098950b675bf268f30f4d035508da1957
Error fetching market details for 0xfee07be730188c94cd3644ed6f107fa3ea2dfab9989ce8d39aeeae064766abe3: 422 Client Error: Unprocessable Entity for url: https://gamma-api.polymarket.com/markets/0xfee07be730188c94cd3644ed6f107fa3ea2dfab9989ce8d39aeeae064766abe3
Error fetching market details for 0x3061dcc85903c2700dffd529e0fbd9b0023c3b481324cd0276d5399f9dace5dc: 422 Client Error: Unprocessable Entity for url: https://gamma-api.polymarket.com/markets/0x3061dcc85903c2700dffd529e0fbd9b0023c3b481324cd0276d5399f9dace5dc
Error fetching market details for 0xe883f2fda25a605a184bb5fe583afce6cc21ea0b348b6a3728ec3067553c548d: 422 Client Error: Unprocessable Entity for url: https://gamma-api.polymarket.com/markets/0xe883f2fda25a605a184bb5fe583afce6cc21ea0b348b6a3728ec3067553c548d
Error fetching market details for 0xe39adea057926dc197fe30a441f57a340b2a232d5a687010f78bba9b6e02620f: 422 Client Error: Unprocessable Entity for url: https://gamma-api.polymarket.com/markets/0xe39adea057926dc197fe30a441f57a340b2a232d5a687010f78bba9b6e02620f
Error fetching market details for 0x2c03c41e5032364cb7166e842bdd22913f28aa2c837d8432704aa89c338875c8: 422 Client Error: Unprocessable Entity for url: https://gamma-api.polymarket.com/markets/0x2c03c41e5032364cb7166e842bdd22913f28aa2c837d8432704aa89c338875c8
Error fetching market details for 0x7014b40f62a559be0a0abd2bf1ca1ef16e44674b2c505bb5243c752f2e0d351f: 422 Client Error: Unprocessable Entity for url: https://gamma-api.polymarket.com/markets/0x7014b40f62a559be0a0abd2bf1ca1ef16e44674b2c505bb5243c752f2e0d351f

📊 Open Positions (10):

ID    Question                                      Entry    Current  P&L       
--------------------------------------------------------------------------------
20    Will the Pittsburgh Penguins win the 2026 ... $0.976   $0.976   $+0.00    
15    Will Mark Kelly win the 2028 Democratic pr... $0.975   $0.975   $+0.00    
10    Will Andy Beshear win the 2028 Democratic ... $0.975   $0.975   $+0.00    
8     Will Josh Shapiro win the 2028 US Presiden... $0.977   $0.977   $+0.00    
7     Will Jon Stewart win the 2028 Democratic p... $0.978   $0.978   $+0.00    
6     Rojas guilty in Texas illegal abortion case?  $0.978   $0.978   $+0.00    
4     Will J.B. Pritzker win the 2028 Democratic... $0.980   $0.980   $+0.00    
3     Will Gretchen Whitmer win the 2028 Democra... $0.980   $0.980   $+0.00    
2     Will Pete Buttigieg win the 2028 US Presid... $0.980   $0.980   $+0.00    
1     Will the Detroit Red Wings win the 2026 NH... $0.980   $0.980   $+0.00    
--------------------------------------------------------------------------------
Total Unrealized P&L:                                              $+0.00


============================================================
  PERFORMANCE STATISTICS
============================================================
  Total Trades:     10
  Wins:             10
  Losses:           0
  Win Rate:         100.0%
  Total P&L:        $22.42
  Total Fees Paid:  $0.46 (2.0% on profits)
  Avg Profit/Trade: $2.24
  ROI:              2.24%
============================================================


⏳ Next scan in 60 seconds...
